[0.011s] Invoking command in '/home/giuseppina-iannotti/Documents/GITHUB_PROJECTS/SimplePlanner/build/simple_planner': CMAKE_PREFIX_PATH=${CMAKE_PREFIX_PATH}:/opt/ros/jazzy DEBUGINFOD_URLS=https://debuginfod.ubuntu.com /usr/bin/cmake --build /home/giuseppina-iannotti/Documents/GITHUB_PROJECTS/SimplePlanner/build/simple_planner -- -j12 -l12
[0.152s] [ 25%] [32mBuilding CXX object CMakeFiles/simple_planner_node.dir/src/simple_planner_node.cpp.o[0m
[2.550s] [01m[K/home/giuseppina-iannotti/Documents/GITHUB_PROJECTS/SimplePlanner/src/simple_planner_node.cpp:[m[K In constructor â€˜[01m[KSimplePlanner::[01;32m[KSimplePlanner[m[K()[m[Kâ€™:
[2.551s] [01m[K/home/giuseppina-iannotti/Documents/GITHUB_PROJECTS/SimplePlanner/src/simple_planner_node.cpp:13:3:[m[K [01;31m[Kerror: [m[Kâ€˜[01m[Kmap_pub_[m[Kâ€™ was not declared in this scope; did you mean â€˜[01m[Kmap_sub_[m[Kâ€™?
[2.551s]    13 |   [01;31m[Kmap_pub_[m[K = this->create_publisher<nav_msgs::msg::OccupancyGrid>(
[2.551s]       |   [01;31m[K^~~~~~~~[m[K
[2.551s]       |   [32m[Kmap_sub_[m[K
[2.571s] [01m[K/home/giuseppina-iannotti/Documents/GITHUB_PROJECTS/SimplePlanner/src/simple_planner_node.cpp:[m[K In member function â€˜[01m[Kvoid SimplePlanner::[01;32m[KmapCallback[m[K(nav_msgs::msg::OccupancyGrid_<std::allocator<void> >::SharedPtr)[m[Kâ€™:
[2.571s] [01m[K/home/giuseppina-iannotti/Documents/GITHUB_PROJECTS/SimplePlanner/src/simple_planner_node.cpp:63:5:[m[K [01;31m[Kerror: [m[Kâ€˜[01m[Kmap_pub_[m[Kâ€™ was not declared in this scope; did you mean â€˜[01m[Kmap_sub_[m[Kâ€™?
[2.572s]    63 |     [01;31m[Kmap_pub_[m[K->publish(*msg);
[2.572s]       |     [01;31m[K^~~~~~~~[m[K
[2.572s]       |     [32m[Kmap_sub_[m[K
[5.052s] gmake[2]: *** [CMakeFiles/simple_planner_node.dir/build.make:90: CMakeFiles/simple_planner_node.dir/src/simple_planner_node.cpp.o] Error 1
[5.052s] gmake[1]: *** [CMakeFiles/Makefile2:137: CMakeFiles/simple_planner_node.dir/all] Error 2
[5.053s] gmake: *** [Makefile:146: all] Error 2
[5.056s] Invoked command in '/home/giuseppina-iannotti/Documents/GITHUB_PROJECTS/SimplePlanner/build/simple_planner' returned '2': CMAKE_PREFIX_PATH=${CMAKE_PREFIX_PATH}:/opt/ros/jazzy DEBUGINFOD_URLS=https://debuginfod.ubuntu.com /usr/bin/cmake --build /home/giuseppina-iannotti/Documents/GITHUB_PROJECTS/SimplePlanner/build/simple_planner -- -j12 -l12
