<?xml version="1.0" encoding="UTF-8"?>
<Site BuildName="(empty)"
	BuildStamp="20250914-0711-Experimental"
	Name="giuse-Precision-3570"
	Generator="ctest-3.28.3"
	CompilerName="/usr/bin/g++"
	CompilerVersion="13.3.0"
	OSName="Linux"
	Hostname="giuse-Precision-3570"
	OSRelease="6.14.0-29-generic"
	OSVersion="#29~24.04.1-Ubuntu SMP PREEMPT_DYNAMIC Thu Aug 14 16:52:50 UTC 2"
	OSPlatform="x86_64"
	Is64Bits="1"
	VendorString="GenuineIntel"
	VendorID="Intel Corporation"
	FamilyID="6"
	ModelID="154"
	ProcessorCacheSize="12288"
	NumberOfLogicalCPU="12"
	NumberOfPhysicalCPU="10"
	TotalVirtualMemory="14656"
	TotalPhysicalMemory="15677"
	LogicalProcessorsPerPhysical="1"
	ProcessorClockFrequency="1300.04"
	>
	<Testing>
		<StartDateTime>Sep 14 09:11 CEST</StartDateTime>
		<StartTestTime>1757833874</StartTestTime>
		<TestList/>
		<EndDateTime>Sep 14 09:11 CEST</EndDateTime>
		<EndTestTime>1757833874</EndTestTime>
		<ElapsedMinutes>0</ElapsedMinutes>
	</Testing>
</Site>
